09:45:06.077 [main] DEBUG br.com.programacao.concorrente.entidades.Main - Did it again!
09:45:06.084 [Thread-7] DEBUG br.com.programacao.concorrente.entidades.Consumidor - Inicio da thread 17 Tue Aug 26 09:45:06 BRT 2014
09:45:06.084 [Thread-4] DEBUG br.com.programacao.concorrente.entidades.Consumidor - Inicio da thread 14 Tue Aug 26 09:45:06 BRT 2014
09:45:06.084 [Thread-6] DEBUG br.com.programacao.concorrente.entidades.Consumidor - Inicio da thread 16 Tue Aug 26 09:45:06 BRT 2014
09:45:06.084 [Thread-9] DEBUG br.com.programacao.concorrente.entidades.Consumidor - Inicio da thread 19 Tue Aug 26 09:45:06 BRT 2014
09:45:06.084 [Thread-3] DEBUG br.com.programacao.concorrente.entidades.Consumidor - Inicio da thread 13 Tue Aug 26 09:45:06 BRT 2014
09:45:06.084 [Thread-5] DEBUG br.com.programacao.concorrente.entidades.Consumidor - Inicio da thread 15 Tue Aug 26 09:45:06 BRT 2014
09:45:06.084 [Thread-8] DEBUG br.com.programacao.concorrente.entidades.Consumidor - Inicio da thread 18 Tue Aug 26 09:45:06 BRT 2014
09:45:06.084 [Thread-3] DEBUG br.com.programacao.concorrente.entidades.Consumidor - Thread #13 Pedido #file39 Inicio:Tue Aug 26 09:45:06 BRT 2014
09:45:06.084 [Thread-10] DEBUG br.com.programacao.concorrente.entidades.Consumidor - Inicio da thread 20 Tue Aug 26 09:45:06 BRT 2014
09:45:06.084 [Thread-6] DEBUG br.com.programacao.concorrente.entidades.Consumidor - Thread #16 Pedido #file33 Inicio:Tue Aug 26 09:45:06 BRT 2014
09:45:06.084 [Thread-2] DEBUG br.com.programacao.concorrente.entidades.Consumidor - Inicio da thread 12 Tue Aug 26 09:45:06 BRT 2014
09:45:06.084 [Thread-5] DEBUG br.com.programacao.concorrente.entidades.Consumidor - Thread #15 Pedido #file37 Inicio:Tue Aug 26 09:45:06 BRT 2014
09:45:06.084 [Thread-4] DEBUG br.com.programacao.concorrente.entidades.Consumidor - Thread #14 Pedido #file36 Inicio:Tue Aug 26 09:45:06 BRT 2014
09:45:06.084 [Thread-1] DEBUG br.com.programacao.concorrente.entidades.Consumidor - Inicio da thread 11 Tue Aug 26 09:45:06 BRT 2014
09:45:06.084 [Thread-7] DEBUG br.com.programacao.concorrente.entidades.Consumidor - Thread #17 Pedido #file35 Inicio:Tue Aug 26 09:45:06 BRT 2014
09:45:06.084 [Thread-9] DEBUG br.com.programacao.concorrente.entidades.Consumidor - Thread #19 Pedido #file34 Inicio:Tue Aug 26 09:45:06 BRT 2014
09:45:06.084 [Thread-8] DEBUG br.com.programacao.concorrente.entidades.Consumidor - Thread #18 Pedido #file38 Inicio:Tue Aug 26 09:45:06 BRT 2014
09:45:06.084 [Thread-1] DEBUG br.com.programacao.concorrente.entidades.Consumidor - Thread #11 Pedido #file41 Inicio:Tue Aug 26 09:45:06 BRT 2014
09:45:06.084 [Thread-10] DEBUG br.com.programacao.concorrente.entidades.Consumidor - Thread #20 Pedido #file43 Inicio:Tue Aug 26 09:45:06 BRT 2014
09:45:06.084 [Thread-2] DEBUG br.com.programacao.concorrente.entidades.Consumidor - Thread #12 Pedido #file42 Inicio:Tue Aug 26 09:45:06 BRT 2014
09:45:06.184 [Thread-6] DEBUG br.com.programacao.concorrente.entidades.Consumidor - Thread #16 Pedido #file33 Termino:Tue Aug 26 09:45:06 BRT 2014
09:45:06.184 [Thread-8] DEBUG br.com.programacao.concorrente.entidades.Consumidor - Thread #18 Pedido #file38 Termino:Tue Aug 26 09:45:06 BRT 2014
09:45:06.184 [Thread-4] DEBUG br.com.programacao.concorrente.entidades.Consumidor - Thread #14 Pedido #file36 Termino:Tue Aug 26 09:45:06 BRT 2014
09:45:06.184 [Thread-3] DEBUG br.com.programacao.concorrente.entidades.Consumidor - Thread #13 Pedido #file39 Termino:Tue Aug 26 09:45:06 BRT 2014
09:45:06.184 [Thread-6] DEBUG br.com.programacao.concorrente.entidades.Consumidor - Thread #16 Pedido #file40 Inicio:Tue Aug 26 09:45:06 BRT 2014
09:45:06.184 [Thread-7] DEBUG br.com.programacao.concorrente.entidades.Consumidor - Thread #17 Pedido #file35 Termino:Tue Aug 26 09:45:06 BRT 2014
09:45:06.184 [Thread-8] DEBUG br.com.programacao.concorrente.entidades.Consumidor - Thread #18 Pedido #file22 Inicio:Tue Aug 26 09:45:06 BRT 2014
09:45:06.184 [Thread-4] DEBUG br.com.programacao.concorrente.entidades.Consumidor - Thread #14 Pedido #file23 Inicio:Tue Aug 26 09:45:06 BRT 2014
09:45:06.184 [Thread-3] DEBUG br.com.programacao.concorrente.entidades.Consumidor - Thread #13 Pedido #file24 Inicio:Tue Aug 26 09:45:06 BRT 2014
09:45:06.184 [Thread-7] DEBUG br.com.programacao.concorrente.entidades.Consumidor - Thread #17 Pedido #file25 Inicio:Tue Aug 26 09:45:06 BRT 2014
09:45:06.185 [Thread-9] DEBUG br.com.programacao.concorrente.entidades.Consumidor - Thread #19 Pedido #file34 Termino:Tue Aug 26 09:45:06 BRT 2014
09:45:06.185 [Thread-2] DEBUG br.com.programacao.concorrente.entidades.Consumidor - Thread #12 Pedido #file42 Termino:Tue Aug 26 09:45:06 BRT 2014
09:45:06.185 [Thread-10] DEBUG br.com.programacao.concorrente.entidades.Consumidor - Thread #20 Pedido #file43 Termino:Tue Aug 26 09:45:06 BRT 2014
09:45:06.185 [Thread-5] DEBUG br.com.programacao.concorrente.entidades.Consumidor - Thread #15 Pedido #file37 Termino:Tue Aug 26 09:45:06 BRT 2014
09:45:06.185 [Thread-1] DEBUG br.com.programacao.concorrente.entidades.Consumidor - Thread #11 Pedido #file41 Termino:Tue Aug 26 09:45:06 BRT 2014
09:45:06.185 [Thread-2] DEBUG br.com.programacao.concorrente.entidades.Consumidor - Thread #12 Pedido #file27 Inicio:Tue Aug 26 09:45:06 BRT 2014
09:45:06.185 [Thread-10] DEBUG br.com.programacao.concorrente.entidades.Consumidor - Thread #20 Pedido #file28 Inicio:Tue Aug 26 09:45:06 BRT 2014
09:45:06.185 [Thread-5] DEBUG br.com.programacao.concorrente.entidades.Consumidor - Thread #15 Pedido #file29 Inicio:Tue Aug 26 09:45:06 BRT 2014
09:45:06.185 [Thread-9] DEBUG br.com.programacao.concorrente.entidades.Consumidor - Thread #19 Pedido #file26 Inicio:Tue Aug 26 09:45:06 BRT 2014
09:45:06.185 [Thread-1] DEBUG br.com.programacao.concorrente.entidades.Consumidor - Thread #11 Pedido #file3 Inicio:Tue Aug 26 09:45:06 BRT 2014
09:45:06.284 [Thread-6] DEBUG br.com.programacao.concorrente.entidades.Consumidor - Thread #16 Pedido #file40 Termino:Tue Aug 26 09:45:06 BRT 2014
09:45:06.284 [Thread-8] DEBUG br.com.programacao.concorrente.entidades.Consumidor - Thread #18 Pedido #file22 Termino:Tue Aug 26 09:45:06 BRT 2014
09:45:06.284 [Thread-4] DEBUG br.com.programacao.concorrente.entidades.Consumidor - Thread #14 Pedido #file23 Termino:Tue Aug 26 09:45:06 BRT 2014
09:45:06.284 [Thread-6] DEBUG br.com.programacao.concorrente.entidades.Consumidor - Thread #16 Pedido #file2 Inicio:Tue Aug 26 09:45:06 BRT 2014
09:45:06.284 [Thread-8] DEBUG br.com.programacao.concorrente.entidades.Consumidor - Thread #18 Pedido #file1 Inicio:Tue Aug 26 09:45:06 BRT 2014
09:45:06.284 [Thread-4] DEBUG br.com.programacao.concorrente.entidades.Consumidor - Thread #14 Pedido #file0 Inicio:Tue Aug 26 09:45:06 BRT 2014
09:45:06.285 [Thread-7] DEBUG br.com.programacao.concorrente.entidades.Consumidor - Thread #17 Pedido #file25 Termino:Tue Aug 26 09:45:06 BRT 2014
09:45:06.285 [Thread-9] DEBUG br.com.programacao.concorrente.entidades.Consumidor - Thread #19 Pedido #file26 Termino:Tue Aug 26 09:45:06 BRT 2014
09:45:06.285 [Thread-10] DEBUG br.com.programacao.concorrente.entidades.Consumidor - Thread #20 Pedido #file28 Termino:Tue Aug 26 09:45:06 BRT 2014
09:45:06.285 [Thread-1] DEBUG br.com.programacao.concorrente.entidades.Consumidor - Thread #11 Pedido #file3 Termino:Tue Aug 26 09:45:06 BRT 2014
09:45:06.285 [Thread-5] DEBUG br.com.programacao.concorrente.entidades.Consumidor - Thread #15 Pedido #file29 Termino:Tue Aug 26 09:45:06 BRT 2014
09:45:06.285 [Thread-7] DEBUG br.com.programacao.concorrente.entidades.Consumidor - Thread #17 Pedido #file7 Inicio:Tue Aug 26 09:45:06 BRT 2014
09:45:06.285 [Thread-10] DEBUG br.com.programacao.concorrente.entidades.Consumidor - Thread #20 Pedido #file30 Inicio:Tue Aug 26 09:45:06 BRT 2014
09:45:06.285 [Thread-1] DEBUG br.com.programacao.concorrente.entidades.Consumidor - Thread #11 Pedido #file6 Inicio:Tue Aug 26 09:45:06 BRT 2014
09:45:06.285 [Thread-2] DEBUG br.com.programacao.concorrente.entidades.Consumidor - Thread #12 Pedido #file27 Termino:Tue Aug 26 09:45:06 BRT 2014
09:45:06.285 [Thread-5] DEBUG br.com.programacao.concorrente.entidades.Consumidor - Thread #15 Pedido #file5 Inicio:Tue Aug 26 09:45:06 BRT 2014
09:45:06.285 [Thread-9] DEBUG br.com.programacao.concorrente.entidades.Consumidor - Thread #19 Pedido #file32 Inicio:Tue Aug 26 09:45:06 BRT 2014
09:45:06.285 [Thread-2] DEBUG br.com.programacao.concorrente.entidades.Consumidor - Thread #12 Pedido #file4 Inicio:Tue Aug 26 09:45:06 BRT 2014
09:45:06.285 [Thread-3] DEBUG br.com.programacao.concorrente.entidades.Consumidor - Thread #13 Pedido #file24 Termino:Tue Aug 26 09:45:06 BRT 2014
09:45:06.286 [Thread-3] DEBUG br.com.programacao.concorrente.entidades.Consumidor - Thread #13 Pedido #file31 Inicio:Tue Aug 26 09:45:06 BRT 2014
09:45:06.384 [Thread-8] DEBUG br.com.programacao.concorrente.entidades.Consumidor - Thread #18 Pedido #file1 Termino:Tue Aug 26 09:45:06 BRT 2014
09:45:06.384 [Thread-4] DEBUG br.com.programacao.concorrente.entidades.Consumidor - Thread #14 Pedido #file0 Termino:Tue Aug 26 09:45:06 BRT 2014
09:45:06.384 [Thread-6] DEBUG br.com.programacao.concorrente.entidades.Consumidor - Thread #16 Pedido #file2 Termino:Tue Aug 26 09:45:06 BRT 2014
09:45:06.384 [Thread-8] DEBUG br.com.programacao.concorrente.entidades.Consumidor - Thread #18 Pedido #file9 Inicio:Tue Aug 26 09:45:06 BRT 2014
09:45:06.384 [Thread-4] DEBUG br.com.programacao.concorrente.entidades.Consumidor - Thread #14 Pedido #file8 Inicio:Tue Aug 26 09:45:06 BRT 2014
09:45:06.384 [Thread-6] DEBUG br.com.programacao.concorrente.entidades.Consumidor - Thread #16 Pedido #file19 Inicio:Tue Aug 26 09:45:06 BRT 2014
09:45:06.385 [Thread-7] DEBUG br.com.programacao.concorrente.entidades.Consumidor - Thread #17 Pedido #file7 Termino:Tue Aug 26 09:45:06 BRT 2014
09:45:06.385 [Thread-10] DEBUG br.com.programacao.concorrente.entidades.Consumidor - Thread #20 Pedido #file30 Termino:Tue Aug 26 09:45:06 BRT 2014
09:45:06.385 [Thread-1] DEBUG br.com.programacao.concorrente.entidades.Consumidor - Thread #11 Pedido #file6 Termino:Tue Aug 26 09:45:06 BRT 2014
09:45:06.385 [Thread-7] DEBUG br.com.programacao.concorrente.entidades.Consumidor - Thread #17 Pedido #file17 Inicio:Tue Aug 26 09:45:06 BRT 2014
09:45:06.385 [Thread-10] DEBUG br.com.programacao.concorrente.entidades.Consumidor - Thread #20 Pedido #file18 Inicio:Tue Aug 26 09:45:06 BRT 2014
09:45:06.385 [Thread-1] DEBUG br.com.programacao.concorrente.entidades.Consumidor - Thread #11 Pedido #file15 Inicio:Tue Aug 26 09:45:06 BRT 2014
09:45:06.386 [Thread-9] DEBUG br.com.programacao.concorrente.entidades.Consumidor - Thread #19 Pedido #file32 Termino:Tue Aug 26 09:45:06 BRT 2014
09:45:06.386 [Thread-3] DEBUG br.com.programacao.concorrente.entidades.Consumidor - Thread #13 Pedido #file31 Termino:Tue Aug 26 09:45:06 BRT 2014
09:45:06.386 [Thread-2] DEBUG br.com.programacao.concorrente.entidades.Consumidor - Thread #12 Pedido #file4 Termino:Tue Aug 26 09:45:06 BRT 2014
09:45:06.386 [Thread-9] DEBUG br.com.programacao.concorrente.entidades.Consumidor - Thread #19 Pedido #file16 Inicio:Tue Aug 26 09:45:06 BRT 2014
09:45:06.386 [Thread-3] DEBUG br.com.programacao.concorrente.entidades.Consumidor - Thread #13 Pedido #file13 Inicio:Tue Aug 26 09:45:06 BRT 2014
09:45:06.386 [Thread-2] DEBUG br.com.programacao.concorrente.entidades.Consumidor - Thread #12 Pedido #file14 Inicio:Tue Aug 26 09:45:06 BRT 2014
09:45:06.386 [Thread-5] DEBUG br.com.programacao.concorrente.entidades.Consumidor - Thread #15 Pedido #file5 Termino:Tue Aug 26 09:45:06 BRT 2014
09:45:06.387 [Thread-5] DEBUG br.com.programacao.concorrente.entidades.Consumidor - Thread #15 Pedido #file11 Inicio:Tue Aug 26 09:45:06 BRT 2014
09:45:06.484 [Thread-6] DEBUG br.com.programacao.concorrente.entidades.Consumidor - Thread #16 Pedido #file19 Termino:Tue Aug 26 09:45:06 BRT 2014
09:45:06.484 [Thread-4] DEBUG br.com.programacao.concorrente.entidades.Consumidor - Thread #14 Pedido #file8 Termino:Tue Aug 26 09:45:06 BRT 2014
09:45:06.484 [Thread-8] DEBUG br.com.programacao.concorrente.entidades.Consumidor - Thread #18 Pedido #file9 Termino:Tue Aug 26 09:45:06 BRT 2014
09:45:06.484 [Thread-6] DEBUG br.com.programacao.concorrente.entidades.Consumidor - Thread #16 Pedido #file12 Inicio:Tue Aug 26 09:45:06 BRT 2014
09:45:06.484 [Thread-8] DEBUG br.com.programacao.concorrente.entidades.Consumidor - Thread #18 Pedido #file21 Inicio:Tue Aug 26 09:45:06 BRT 2014
09:45:06.484 [Thread-4] DEBUG br.com.programacao.concorrente.entidades.Consumidor - Thread #14 Pedido #file20 Inicio:Tue Aug 26 09:45:06 BRT 2014
09:45:06.485 [Thread-7] DEBUG br.com.programacao.concorrente.entidades.Consumidor - Thread #17 Pedido #file17 Termino:Tue Aug 26 09:45:06 BRT 2014
09:45:06.485 [Thread-1] DEBUG br.com.programacao.concorrente.entidades.Consumidor - Thread #11 Pedido #file15 Termino:Tue Aug 26 09:45:06 BRT 2014
09:45:06.485 [Thread-10] DEBUG br.com.programacao.concorrente.entidades.Consumidor - Thread #20 Pedido #file18 Termino:Tue Aug 26 09:45:06 BRT 2014
09:45:06.485 [Thread-7] DEBUG br.com.programacao.concorrente.entidades.Consumidor - Thread #17 Pedido #file49 Inicio:Tue Aug 26 09:45:06 BRT 2014
09:45:06.485 [Thread-1] DEBUG br.com.programacao.concorrente.entidades.Consumidor - Thread #11 Pedido #file48 Inicio:Tue Aug 26 09:45:06 BRT 2014
09:45:06.485 [Thread-10] DEBUG br.com.programacao.concorrente.entidades.Consumidor - Thread #20 Pedido #file45 Inicio:Tue Aug 26 09:45:06 BRT 2014
09:45:06.486 [Thread-3] DEBUG br.com.programacao.concorrente.entidades.Consumidor - Thread #13 Pedido #file13 Termino:Tue Aug 26 09:45:06 BRT 2014
09:45:06.486 [Thread-2] DEBUG br.com.programacao.concorrente.entidades.Consumidor - Thread #12 Pedido #file14 Termino:Tue Aug 26 09:45:06 BRT 2014
09:45:06.486 [Thread-9] DEBUG br.com.programacao.concorrente.entidades.Consumidor - Thread #19 Pedido #file16 Termino:Tue Aug 26 09:45:06 BRT 2014
09:45:06.486 [Thread-3] DEBUG br.com.programacao.concorrente.entidades.Consumidor - Thread #13 Pedido #file44 Inicio:Tue Aug 26 09:45:06 BRT 2014
09:45:06.486 [Thread-2] DEBUG br.com.programacao.concorrente.entidades.Consumidor - Thread #12 Pedido #file47 Inicio:Tue Aug 26 09:45:06 BRT 2014
09:45:06.486 [Thread-9] DEBUG br.com.programacao.concorrente.entidades.Consumidor - Thread #19 Pedido #file46 Inicio:Tue Aug 26 09:45:06 BRT 2014
09:45:06.487 [Thread-5] DEBUG br.com.programacao.concorrente.entidades.Consumidor - Thread #15 Pedido #file11 Termino:Tue Aug 26 09:45:06 BRT 2014
09:45:06.487 [Thread-5] DEBUG br.com.programacao.concorrente.entidades.Consumidor - Thread #15 Pedido #file10 Inicio:Tue Aug 26 09:45:06 BRT 2014
09:45:06.584 [Thread-8] DEBUG br.com.programacao.concorrente.entidades.Consumidor - Thread #18 Pedido #file21 Termino:Tue Aug 26 09:45:06 BRT 2014
09:45:06.584 [Thread-6] DEBUG br.com.programacao.concorrente.entidades.Consumidor - Thread #16 Pedido #file12 Termino:Tue Aug 26 09:45:06 BRT 2014
09:45:06.584 [Thread-8] INFO  br.com.programacao.concorrente.entidades.Consumidor - Termino da thread 18 Tue Aug 26 09:45:06 BRT 2014
09:45:06.584 [Thread-6] INFO  br.com.programacao.concorrente.entidades.Consumidor - Termino da thread 16 Tue Aug 26 09:45:06 BRT 2014
09:45:06.585 [Thread-1] DEBUG br.com.programacao.concorrente.entidades.Consumidor - Thread #11 Pedido #file48 Termino:Tue Aug 26 09:45:06 BRT 2014
09:45:06.585 [Thread-7] DEBUG br.com.programacao.concorrente.entidades.Consumidor - Thread #17 Pedido #file49 Termino:Tue Aug 26 09:45:06 BRT 2014
09:45:06.585 [Thread-4] DEBUG br.com.programacao.concorrente.entidades.Consumidor - Thread #14 Pedido #file20 Termino:Tue Aug 26 09:45:06 BRT 2014
09:45:06.585 [Thread-10] DEBUG br.com.programacao.concorrente.entidades.Consumidor - Thread #20 Pedido #file45 Termino:Tue Aug 26 09:45:06 BRT 2014
09:45:06.585 [Thread-7] INFO  br.com.programacao.concorrente.entidades.Consumidor - Termino da thread 17 Tue Aug 26 09:45:06 BRT 2014
09:45:06.585 [Thread-4] INFO  br.com.programacao.concorrente.entidades.Consumidor - Termino da thread 14 Tue Aug 26 09:45:06 BRT 2014
09:45:06.585 [Thread-1] INFO  br.com.programacao.concorrente.entidades.Consumidor - Termino da thread 11 Tue Aug 26 09:45:06 BRT 2014
09:45:06.585 [Thread-10] INFO  br.com.programacao.concorrente.entidades.Consumidor - Termino da thread 20 Tue Aug 26 09:45:06 BRT 2014
09:45:06.586 [Thread-3] DEBUG br.com.programacao.concorrente.entidades.Consumidor - Thread #13 Pedido #file44 Termino:Tue Aug 26 09:45:06 BRT 2014
09:45:06.586 [Thread-2] DEBUG br.com.programacao.concorrente.entidades.Consumidor - Thread #12 Pedido #file47 Termino:Tue Aug 26 09:45:06 BRT 2014
09:45:06.586 [Thread-9] DEBUG br.com.programacao.concorrente.entidades.Consumidor - Thread #19 Pedido #file46 Termino:Tue Aug 26 09:45:06 BRT 2014
09:45:06.586 [Thread-3] INFO  br.com.programacao.concorrente.entidades.Consumidor - Termino da thread 13 Tue Aug 26 09:45:06 BRT 2014
09:45:06.586 [Thread-2] INFO  br.com.programacao.concorrente.entidades.Consumidor - Termino da thread 12 Tue Aug 26 09:45:06 BRT 2014
09:45:06.586 [Thread-9] INFO  br.com.programacao.concorrente.entidades.Consumidor - Termino da thread 19 Tue Aug 26 09:45:06 BRT 2014
09:45:06.587 [Thread-5] DEBUG br.com.programacao.concorrente.entidades.Consumidor - Thread #15 Pedido #file10 Termino:Tue Aug 26 09:45:06 BRT 2014
09:45:06.587 [Thread-5] INFO  br.com.programacao.concorrente.entidades.Consumidor - Termino da thread 15 Tue Aug 26 09:45:06 BRT 2014
